[debug] [2025-11-14T05:50:39.570Z] ----------------------------------------------------------------------
[debug] [2025-11-14T05:50:39.577Z] Command:       /usr/local/bin/node /usr/local/bin/firebase deploy
[debug] [2025-11-14T05:50:39.578Z] CLI Version:   14.17.0
[debug] [2025-11-14T05:50:39.578Z] Platform:      darwin
[debug] [2025-11-14T05:50:39.578Z] Node Version:  v22.14.0
[debug] [2025-11-14T05:50:39.579Z] Time:          Fri Nov 14 2025 11:20:39 GMT+0530 (India Standard Time)
[debug] [2025-11-14T05:50:39.579Z] ----------------------------------------------------------------------
[debug] 
[debug] [2025-11-14T05:50:40.368Z] > command requires scopes: ["email","openid","https://www.googleapis.com/auth/cloudplatformprojects.readonly","https://www.googleapis.com/auth/firebase","https://www.googleapis.com/auth/cloud-platform"]
[debug] [2025-11-14T05:50:40.369Z] > authorizing via signed-in user (adityaksoni234@gmail.com)
[debug] [2025-11-14T05:50:40.369Z] [iam] checking project awssouieee for permissions ["firebase.projects.get","firebasehosting.sites.update"]
[debug] [2025-11-14T05:50:40.370Z] Checked if tokens are valid: true, expires at: 1763102639493
[debug] [2025-11-14T05:50:40.370Z] Checked if tokens are valid: true, expires at: 1763102639493
[debug] [2025-11-14T05:50:40.372Z] >>> [apiv2][query] POST https://cloudresourcemanager.googleapis.com/v1/projects/awssouieee:testIamPermissions [none]
[debug] [2025-11-14T05:50:40.372Z] >>> [apiv2][(partial)header] POST https://cloudresourcemanager.googleapis.com/v1/projects/awssouieee:testIamPermissions x-goog-quota-user=projects/awssouieee
[debug] [2025-11-14T05:50:40.372Z] >>> [apiv2][body] POST https://cloudresourcemanager.googleapis.com/v1/projects/awssouieee:testIamPermissions {"permissions":["firebase.projects.get","firebasehosting.sites.update"]}
[debug] [2025-11-14T05:50:42.075Z] <<< [apiv2][status] POST https://cloudresourcemanager.googleapis.com/v1/projects/awssouieee:testIamPermissions 200
[debug] [2025-11-14T05:50:42.076Z] <<< [apiv2][body] POST https://cloudresourcemanager.googleapis.com/v1/projects/awssouieee:testIamPermissions {"permissions":["firebase.projects.get","firebasehosting.sites.update"]}
[debug] [2025-11-14T05:50:42.076Z] Checked if tokens are valid: true, expires at: 1763102639493
[debug] [2025-11-14T05:50:42.077Z] Checked if tokens are valid: true, expires at: 1763102639493
[debug] [2025-11-14T05:50:42.077Z] >>> [apiv2][query] GET https://firebase.googleapis.com/v1beta1/projects/awssouieee [none]
[debug] [2025-11-14T05:50:42.682Z] <<< [apiv2][status] GET https://firebase.googleapis.com/v1beta1/projects/awssouieee 200
[debug] [2025-11-14T05:50:42.683Z] <<< [apiv2][body] GET https://firebase.googleapis.com/v1beta1/projects/awssouieee {"projectId":"awssouieee","projectNumber":"530487448318","displayName":"awssouieee","name":"projects/awssouieee","resources":{"hostingSite":"awssouieee"},"state":"ACTIVE","etag":"1_7e2d771d-39c8-494c-b101-2fbb396d36f9"}
[info] 
[info] === Deploying to 'awssouieee'...
[info] 
[info] i  deploying hosting 
[debug] [2025-11-14T05:50:42.692Z] Checked if tokens are valid: true, expires at: 1763102639493
[debug] [2025-11-14T05:50:42.693Z] Checked if tokens are valid: true, expires at: 1763102639493
[debug] [2025-11-14T05:50:42.693Z] >>> [apiv2][query] POST https://firebasehosting.googleapis.com/v1beta1/projects/-/sites/awssouieee/versions [none]
[debug] [2025-11-14T05:50:42.694Z] >>> [apiv2][body] POST https://firebasehosting.googleapis.com/v1beta1/projects/-/sites/awssouieee/versions {"status":"CREATED","labels":{"deployment-tool":"cli-firebase"}}
[debug] [2025-11-14T05:50:44.650Z] <<< [apiv2][status] POST https://firebasehosting.googleapis.com/v1beta1/projects/-/sites/awssouieee/versions 200
[debug] [2025-11-14T05:50:44.650Z] <<< [apiv2][body] POST https://firebasehosting.googleapis.com/v1beta1/projects/-/sites/awssouieee/versions {"name":"projects/530487448318/sites/awssouieee/versions/d656e3f577225b25","status":"CREATED","config":{},"labels":{"deployment-tool":"cli-firebase"}}
[info] i  hosting[awssouieee]: beginning deploy... 
[info] i  hosting[awssouieee]: found 16 files in build 
[debug] [2025-11-14T05:50:44.685Z] [hosting] uploading with 200 concurrency
[debug] [2025-11-14T05:50:44.686Z] [hosting] hash cache [YnVpbGQ] not populated
